2019-12-04 10:29:40.531  INFO 11356 --- [main] .m.b.MdBlockchainManagerApplicationTests : Starting MdBlockchainManagerApplicationTests on DESKTOP-TV6BU7L with PID 11356 (started by lenovo in C:\Users\lenovo\Desktop\tianyalei-md_blockchain_manager-master\md_blockchain_manager)
2019-12-04 10:29:40.539  INFO 11356 --- [main] .m.b.MdBlockchainManagerApplicationTests : The following profiles are active: local
2019-12-04 10:29:40.771  INFO 11356 --- [main] o.s.w.c.s.GenericWebApplicationContext   : Refreshing org.springframework.web.context.support.GenericWebApplicationContext@b978d10: startup date [Wed Dec 04 10:29:40 CST 2019]; root of context hierarchy
2019-12-04 10:29:44.075  INFO 11356 --- [main] trationDelegate$BeanPostProcessorChecker : Bean 'org.springframework.transaction.annotation.ProxyTransactionManagementConfiguration' of type [org.springframework.transaction.annotation.ProxyTransactionManagementConfiguration$$EnhancerBySpringCGLIB$$66f18716] is not eligible for getting processed by all BeanPostProcessors (for example: not eligible for auto-proxying)
2019-12-04 10:29:44.616  INFO 11356 --- [main] com.zaxxer.hikari.HikariDataSource       : HikariPool-1 - Starting...
2019-12-04 10:29:48.625  INFO 11356 --- [main] com.zaxxer.hikari.HikariDataSource       : HikariPool-1 - Start completed.
2019-12-04 10:29:48.706  INFO 11356 --- [main] j.LocalContainerEntityManagerFactoryBean : Building JPA container EntityManagerFactory for persistence unit 'default'
2019-12-04 10:29:48.771  INFO 11356 --- [main] o.hibernate.jpa.internal.util.LogHelper  : HHH000204: Processing PersistenceUnitInfo [
	name: default
	...]
2019-12-04 10:29:49.288  INFO 11356 --- [main] org.hibernate.Version                    : HHH000412: Hibernate Core {5.2.14.Final}
2019-12-04 10:29:49.292  INFO 11356 --- [main] org.hibernate.cfg.Environment            : HHH000206: hibernate.properties not found
2019-12-04 10:29:49.574  INFO 11356 --- [main] o.hibernate.annotations.common.Version   : HCANN000001: Hibernate Commons Annotations {5.0.1.Final}
2019-12-04 10:29:49.884  INFO 11356 --- [main] org.hibernate.dialect.Dialect            : HHH000400: Using dialect: org.hibernate.dialect.MySQL5InnoDBDialect
2019-12-04 10:29:51.903  INFO 11356 --- [main] j.LocalContainerEntityManagerFactoryBean : Initialized JPA EntityManagerFactory for persistence unit 'default'
2019-12-04 10:29:54.249  INFO 11356 --- [main] s.w.s.m.m.a.RequestMappingHandlerAdapter : Looking for @ControllerAdvice: org.springframework.web.context.support.GenericWebApplicationContext@b978d10: startup date [Wed Dec 04 10:29:40 CST 2019]; root of context hierarchy
2019-12-04 10:29:54.389  WARN 11356 --- [main] aWebConfiguration$JpaWebMvcConfiguration : spring.jpa.open-in-view is enabled by default. Therefore, database queries may be performed during view rendering. Explicitly configure spring.jpa.open-in-view to disable this warning
2019-12-04 10:29:54.472  INFO 11356 --- [main] s.w.s.m.m.a.RequestMappingHandlerMapping : Mapped "{[/member],methods=[GET]}" onto public com.mindata.blockmanager.bean.MemberData com.mindata.blockmanager.controller.MemberController.member(java.lang.String,java.lang.String,java.lang.String)
2019-12-04 10:29:54.478  INFO 11356 --- [main] s.w.s.m.m.a.RequestMappingHandlerMapping : Mapped "{[/permission],methods=[GET]}" onto public com.mindata.blockmanager.bean.PermissionData com.mindata.blockmanager.controller.PermissionController.findGroupPermission(java.lang.String)
2019-12-04 10:29:54.484  INFO 11356 --- [main] s.w.s.m.m.a.RequestMappingHandlerMapping : Mapped "{[/error]}" onto public org.springframework.http.ResponseEntity<java.util.Map<java.lang.String, java.lang.Object>> org.springframework.boot.autoconfigure.web.servlet.error.BasicErrorController.error(javax.servlet.http.HttpServletRequest)
2019-12-04 10:29:54.486  INFO 11356 --- [main] s.w.s.m.m.a.RequestMappingHandlerMapping : Mapped "{[/error],produces=[text/html]}" onto public org.springframework.web.servlet.ModelAndView org.springframework.boot.autoconfigure.web.servlet.error.BasicErrorController.errorHtml(javax.servlet.http.HttpServletRequest,javax.servlet.http.HttpServletResponse)
2019-12-04 10:29:54.566  INFO 11356 --- [main] o.s.w.s.handler.SimpleUrlHandlerMapping  : Mapped URL path [/webjars/**] onto handler of type [class org.springframework.web.servlet.resource.ResourceHttpRequestHandler]
2019-12-04 10:29:54.567  INFO 11356 --- [main] o.s.w.s.handler.SimpleUrlHandlerMapping  : Mapped URL path [/**] onto handler of type [class org.springframework.web.servlet.resource.ResourceHttpRequestHandler]
2019-12-04 10:29:54.659  INFO 11356 --- [main] o.s.w.s.handler.SimpleUrlHandlerMapping  : Mapped URL path [/**/favicon.ico] onto handler of type [class org.springframework.web.servlet.resource.ResourceHttpRequestHandler]
2019-12-04 10:29:55.208  INFO 11356 --- [main] .m.b.MdBlockchainManagerApplicationTests : Started MdBlockchainManagerApplicationTests in 15.641 seconds (JVM running for 19.033)
2019-12-04 10:29:55.755  INFO 11356 --- [Thread-2] o.s.w.c.s.GenericWebApplicationContext   : Closing org.springframework.web.context.support.GenericWebApplicationContext@b978d10: startup date [Wed Dec 04 10:29:40 CST 2019]; root of context hierarchy
2019-12-04 10:29:55.780  INFO 11356 --- [Thread-2] j.LocalContainerEntityManagerFactoryBean : Closing JPA EntityManagerFactory for persistence unit 'default'
2019-12-04 10:29:55.783  INFO 11356 --- [Thread-2] com.zaxxer.hikari.HikariDataSource       : HikariPool-1 - Shutdown initiated...
2019-12-04 10:29:55.861  INFO 11356 --- [Thread-2] com.zaxxer.hikari.HikariDataSource       : HikariPool-1 - Shutdown completed.
